-------------------------------------------------------------------------------
Test set: resume.microservice.ResumeMicroserviceApplicationTests
-------------------------------------------------------------------------------
Tests run: 1, Failures: 0, Errors: 1, Skipped: 0, Time elapsed: 0.765 s <<< FAILURE! - in resume.microservice.ResumeMicroserviceApplicationTests
contextLoads  Time elapsed: 0 s  <<< ERROR!
java.lang.IllegalStateException: Failed to load ApplicationContext
Caused by: org.springframework.beans.factory.BeanDefinitionStoreException: Failed to parse configuration class [resume.microservice.ResumeMicroserviceApplication]; nested exception is java.io.FileNotFoundException: Could not open ServletContext resource [/application-errors.properties]
Caused by: java.io.FileNotFoundException: Could not open ServletContext resource [/application-errors.properties]

