-------------------------------------------------------------------------------
Test set: resume.microservice.com.ResumeService.ResumeMicroserviceApplicationTests
-------------------------------------------------------------------------------
Tests run: 1, Failures: 0, Errors: 1, Skipped: 0, Time elapsed: 3.25 s <<< FAILURE! - in resume.microservice.com.ResumeService.ResumeMicroserviceApplicationTests
contextLoads  Time elapsed: 0.015 s  <<< ERROR!
java.lang.IllegalStateException: Failed to load ApplicationContext
Caused by: org.springframework.beans.factory.UnsatisfiedDependencyException: Error creating bean with name 'controller' defined in file [D:\Development\Java\ResumeService\target\classes\resume\microservice\com\ResumeService\controller\Controller.class]: Unsatisfied dependency expressed through constructor parameter 0; nested exception is org.springframework.beans.factory.UnsatisfiedDependencyException: Error creating bean with name 'profileServiceImpl' defined in file [D:\Development\Java\ResumeService\target\classes\resume\microservice\com\ResumeService\service\impl\ProfileServiceImpl.class]: Unsatisfied dependency expressed through constructor parameter 0; nested exception is org.springframework.beans.factory.NoSuchBeanDefinitionException: No qualifying bean of type 'resume.microservice.com.ResumeService.repository.ProfileRepository' available: expected at least 1 bean which qualifies as autowire candidate. Dependency annotations: {}
Caused by: org.springframework.beans.factory.UnsatisfiedDependencyException: Error creating bean with name 'profileServiceImpl' defined in file [D:\Development\Java\ResumeService\target\classes\resume\microservice\com\ResumeService\service\impl\ProfileServiceImpl.class]: Unsatisfied dependency expressed through constructor parameter 0; nested exception is org.springframework.beans.factory.NoSuchBeanDefinitionException: No qualifying bean of type 'resume.microservice.com.ResumeService.repository.ProfileRepository' available: expected at least 1 bean which qualifies as autowire candidate. Dependency annotations: {}
Caused by: org.springframework.beans.factory.NoSuchBeanDefinitionException: No qualifying bean of type 'resume.microservice.com.ResumeService.repository.ProfileRepository' available: expected at least 1 bean which qualifies as autowire candidate. Dependency annotations: {}

